2022-11-28 08:55:28.216  WARN 8860 --- [restartedMain] JpaBaseConfiguration$JpaWebConfiguration : spring.jpa.open-in-view is enabled by default. Therefore, database queries may be performed during view rendering. Explicitly configure spring.jpa.open-in-view to disable this warning
2022-11-28 08:55:28.536 DEBUG 8860 --- [restartedMain] o.s.w.s.v.f.FreeMarkerConfigurer         : File system access not preferred: using SpringTemplateLoader
2022-11-28 08:55:28.551  WARN 8860 --- [restartedMain] o.s.s.o.p.t.s.JwtAccessTokenConverter    : Unable to create an RSA verifier from verifierKey (ignoreable if using MAC)
2022-11-28 08:55:28.750 DEBUG 8860 --- [restartedMain] s.w.s.m.m.a.RequestMappingHandlerAdapter : ControllerAdvice beans: 0 @ModelAttribute, 0 @InitBinder, 1 RequestBodyAdvice, 1 ResponseBodyAdvice
2022-11-28 08:55:28.875 DEBUG 8860 --- [restartedMain] s.w.s.m.m.a.RequestMappingHandlerMapping : 12 mappings in 'requestMappingHandlerMapping'
2022-11-28 08:55:28.906 DEBUG 8860 --- [restartedMain] o.s.w.s.handler.SimpleUrlHandlerMapping  : Patterns [/webjars/**, /**] in 'resourceHandlerMapping'
2022-11-28 08:55:28.924 DEBUG 8860 --- [restartedMain] .m.m.a.ExceptionHandlerExceptionResolver : ControllerAdvice beans: 0 @ExceptionHandler, 1 ResponseBodyAdvice
2022-11-28 08:56:10.214  INFO 8860 --- [http-nio-8080-exec-2] o.s.web.servlet.DispatcherServlet        : Initializing Servlet 'dispatcherServlet'
2022-11-28 08:56:10.215 DEBUG 8860 --- [http-nio-8080-exec-2] o.s.web.servlet.DispatcherServlet        : Detected StandardServletMultipartResolver
2022-11-28 08:56:10.215 DEBUG 8860 --- [http-nio-8080-exec-2] o.s.web.servlet.DispatcherServlet        : Detected AcceptHeaderLocaleResolver
2022-11-28 08:56:10.215 DEBUG 8860 --- [http-nio-8080-exec-2] o.s.web.servlet.DispatcherServlet        : Detected FixedThemeResolver
2022-11-28 08:56:10.216 DEBUG 8860 --- [http-nio-8080-exec-2] o.s.web.servlet.DispatcherServlet        : Detected org.springframework.web.servlet.view.DefaultRequestToViewNameTranslator@41834931
2022-11-28 08:56:10.216 DEBUG 8860 --- [http-nio-8080-exec-2] o.s.web.servlet.DispatcherServlet        : Detected org.springframework.web.servlet.support.SessionFlashMapManager@6dd707fd
2022-11-28 08:56:10.216 DEBUG 8860 --- [http-nio-8080-exec-2] o.s.web.servlet.DispatcherServlet        : enableLoggingRequestDetails='false': request parameters and headers will be masked to prevent unsafe logging of potentially sensitive data
2022-11-28 08:56:10.216  INFO 8860 --- [http-nio-8080-exec-2] o.s.web.servlet.DispatcherServlet        : Completed initialization in 1 ms
2022-11-28 08:56:10.236 DEBUG 8860 --- [http-nio-8080-exec-2] o.s.web.servlet.DispatcherServlet        : POST "/api/v1.0/user/register", parameters={}
2022-11-28 08:56:10.238 DEBUG 8860 --- [http-nio-8080-exec-2] s.w.s.m.m.a.RequestMappingHandlerMapping : Mapped to mii.bsi.apiportal.controller.UserController#register(User, Errors)
2022-11-28 08:56:10.298 DEBUG 8860 --- [http-nio-8080-exec-2] m.m.a.RequestResponseBodyMethodProcessor : Read "application/json;charset=UTF-8" to [User(id=null, firstName=Fauzy, lastName=Wahyudi, email=fauzy.wahyudi56@gmail.com, password=tes123, c (truncated)...]
2022-11-28 08:56:14.770 DEBUG 8860 --- [http-nio-8080-exec-2] o.s.w.s.m.m.a.HttpEntityMethodProcessor  : Using 'application/json', given [*/*] and supported [application/json, application/*+json, application/json, application/*+json]
2022-11-28 08:56:14.771 DEBUG 8860 --- [http-nio-8080-exec-2] o.s.w.s.m.m.a.HttpEntityMethodProcessor  : Writing [ResponseHandling(error=true, responseCode=01, responseMessage=ids for this class must be manually as (truncated)...]
2022-11-28 08:56:14.779 DEBUG 8860 --- [http-nio-8080-exec-2] o.s.web.servlet.DispatcherServlet        : Completed 500 INTERNAL_SERVER_ERROR
2022-11-28 08:58:56.684  WARN 4996 --- [restartedMain] JpaBaseConfiguration$JpaWebConfiguration : spring.jpa.open-in-view is enabled by default. Therefore, database queries may be performed during view rendering. Explicitly configure spring.jpa.open-in-view to disable this warning
2022-11-28 08:58:56.964 DEBUG 4996 --- [restartedMain] o.s.w.s.v.f.FreeMarkerConfigurer         : File system access not preferred: using SpringTemplateLoader
2022-11-28 08:58:56.975  WARN 4996 --- [restartedMain] o.s.s.o.p.t.s.JwtAccessTokenConverter    : Unable to create an RSA verifier from verifierKey (ignoreable if using MAC)
2022-11-28 08:58:57.157 DEBUG 4996 --- [restartedMain] s.w.s.m.m.a.RequestMappingHandlerAdapter : ControllerAdvice beans: 0 @ModelAttribute, 0 @InitBinder, 1 RequestBodyAdvice, 1 ResponseBodyAdvice
2022-11-28 08:58:57.291 DEBUG 4996 --- [restartedMain] s.w.s.m.m.a.RequestMappingHandlerMapping : 12 mappings in 'requestMappingHandlerMapping'
2022-11-28 08:58:57.322 DEBUG 4996 --- [restartedMain] o.s.w.s.handler.SimpleUrlHandlerMapping  : Patterns [/webjars/**, /**] in 'resourceHandlerMapping'
2022-11-28 08:58:57.336 DEBUG 4996 --- [restartedMain] .m.m.a.ExceptionHandlerExceptionResolver : ControllerAdvice beans: 0 @ExceptionHandler, 1 ResponseBodyAdvice
2022-11-28 08:59:29.713  INFO 4996 --- [http-nio-8080-exec-2] o.s.web.servlet.DispatcherServlet        : Initializing Servlet 'dispatcherServlet'
2022-11-28 08:59:29.714 DEBUG 4996 --- [http-nio-8080-exec-2] o.s.web.servlet.DispatcherServlet        : Detected StandardServletMultipartResolver
2022-11-28 08:59:29.714 DEBUG 4996 --- [http-nio-8080-exec-2] o.s.web.servlet.DispatcherServlet        : Detected AcceptHeaderLocaleResolver
2022-11-28 08:59:29.714 DEBUG 4996 --- [http-nio-8080-exec-2] o.s.web.servlet.DispatcherServlet        : Detected FixedThemeResolver
2022-11-28 08:59:29.714 DEBUG 4996 --- [http-nio-8080-exec-2] o.s.web.servlet.DispatcherServlet        : Detected org.springframework.web.servlet.view.DefaultRequestToViewNameTranslator@3135251e
2022-11-28 08:59:29.715 DEBUG 4996 --- [http-nio-8080-exec-2] o.s.web.servlet.DispatcherServlet        : Detected org.springframework.web.servlet.support.SessionFlashMapManager@7accd6aa
2022-11-28 08:59:29.715 DEBUG 4996 --- [http-nio-8080-exec-2] o.s.web.servlet.DispatcherServlet        : enableLoggingRequestDetails='false': request parameters and headers will be masked to prevent unsafe logging of potentially sensitive data
2022-11-28 08:59:29.715  INFO 4996 --- [http-nio-8080-exec-2] o.s.web.servlet.DispatcherServlet        : Completed initialization in 1 ms
2022-11-28 08:59:29.730 DEBUG 4996 --- [http-nio-8080-exec-2] o.s.web.servlet.DispatcherServlet        : POST "/api/v1.0/user/register", parameters={}
2022-11-28 08:59:29.733 DEBUG 4996 --- [http-nio-8080-exec-2] s.w.s.m.m.a.RequestMappingHandlerMapping : Mapped to mii.bsi.apiportal.controller.UserController#register(User, Errors)
2022-11-28 08:59:29.784 DEBUG 4996 --- [http-nio-8080-exec-2] m.m.a.RequestResponseBodyMethodProcessor : Read "application/json;charset=UTF-8" to [User(id=null, firstName=Fauzy, lastName=Wahyudi, email=fauzy.wahyudi56@gmail.com, password=tes123, c (truncated)...]
2022-11-28 08:59:30.090 DEBUG 4996 --- [http-nio-8080-exec-2] o.s.w.s.m.m.a.HttpEntityMethodProcessor  : Using 'application/json', given [*/*] and supported [application/json, application/*+json, application/json, application/*+json]
2022-11-28 08:59:30.091 DEBUG 4996 --- [http-nio-8080-exec-2] o.s.w.s.m.m.a.HttpEntityMethodProcessor  : Writing [ResponseHandling(error=true, responseCode=01, responseMessage=Email is already register, messageErro (truncated)...]
2022-11-28 08:59:30.099 DEBUG 4996 --- [http-nio-8080-exec-2] o.s.web.servlet.DispatcherServlet        : Completed 409 CONFLICT
2022-11-28 09:00:12.727 DEBUG 4996 --- [http-nio-8080-exec-3] o.s.web.servlet.DispatcherServlet        : POST "/api/v1.0/user/register", parameters={}
2022-11-28 09:00:12.727 DEBUG 4996 --- [http-nio-8080-exec-3] s.w.s.m.m.a.RequestMappingHandlerMapping : Mapped to mii.bsi.apiportal.controller.UserController#register(User, Errors)
2022-11-28 09:00:12.728 DEBUG 4996 --- [http-nio-8080-exec-3] m.m.a.RequestResponseBodyMethodProcessor : Read "application/json;charset=UTF-8" to [User(id=null, firstName=Fauzy, lastName=Wahyudi, email=fauzy.wahyudi56@gmail.com, password=tes123, c (truncated)...]
2022-11-28 09:00:16.723 DEBUG 4996 --- [http-nio-8080-exec-3] o.s.w.s.m.m.a.HttpEntityMethodProcessor  : Using 'application/json', given [*/*] and supported [application/json, application/*+json, application/json, application/*+json]
2022-11-28 09:00:16.723 DEBUG 4996 --- [http-nio-8080-exec-3] o.s.w.s.m.m.a.HttpEntityMethodProcessor  : Writing [ResponseHandling(error=true, responseCode=01, responseMessage=ids for this class must be manually as (truncated)...]
2022-11-28 09:00:16.724 DEBUG 4996 --- [http-nio-8080-exec-3] o.s.web.servlet.DispatcherServlet        : Completed 500 INTERNAL_SERVER_ERROR
2022-11-28 09:02:10.399  WARN 2168 --- [restartedMain] JpaBaseConfiguration$JpaWebConfiguration : spring.jpa.open-in-view is enabled by default. Therefore, database queries may be performed during view rendering. Explicitly configure spring.jpa.open-in-view to disable this warning
2022-11-28 09:02:10.673 DEBUG 2168 --- [restartedMain] o.s.w.s.v.f.FreeMarkerConfigurer         : File system access not preferred: using SpringTemplateLoader
2022-11-28 09:02:10.685  WARN 2168 --- [restartedMain] o.s.s.o.p.t.s.JwtAccessTokenConverter    : Unable to create an RSA verifier from verifierKey (ignoreable if using MAC)
2022-11-28 09:02:10.933 DEBUG 2168 --- [restartedMain] s.w.s.m.m.a.RequestMappingHandlerAdapter : ControllerAdvice beans: 0 @ModelAttribute, 0 @InitBinder, 1 RequestBodyAdvice, 1 ResponseBodyAdvice
2022-11-28 09:02:11.052 DEBUG 2168 --- [restartedMain] s.w.s.m.m.a.RequestMappingHandlerMapping : 12 mappings in 'requestMappingHandlerMapping'
2022-11-28 09:02:11.078 DEBUG 2168 --- [restartedMain] o.s.w.s.handler.SimpleUrlHandlerMapping  : Patterns [/webjars/**, /**] in 'resourceHandlerMapping'
2022-11-28 09:02:11.094 DEBUG 2168 --- [restartedMain] .m.m.a.ExceptionHandlerExceptionResolver : ControllerAdvice beans: 0 @ExceptionHandler, 1 ResponseBodyAdvice
2022-11-28 09:02:17.263  INFO 2168 --- [http-nio-8080-exec-2] o.s.web.servlet.DispatcherServlet        : Initializing Servlet 'dispatcherServlet'
2022-11-28 09:02:17.263 DEBUG 2168 --- [http-nio-8080-exec-2] o.s.web.servlet.DispatcherServlet        : Detected StandardServletMultipartResolver
2022-11-28 09:02:17.263 DEBUG 2168 --- [http-nio-8080-exec-2] o.s.web.servlet.DispatcherServlet        : Detected AcceptHeaderLocaleResolver
2022-11-28 09:02:17.263 DEBUG 2168 --- [http-nio-8080-exec-2] o.s.web.servlet.DispatcherServlet        : Detected FixedThemeResolver
2022-11-28 09:02:17.264 DEBUG 2168 --- [http-nio-8080-exec-2] o.s.web.servlet.DispatcherServlet        : Detected org.springframework.web.servlet.view.DefaultRequestToViewNameTranslator@536899c1
2022-11-28 09:02:17.264 DEBUG 2168 --- [http-nio-8080-exec-2] o.s.web.servlet.DispatcherServlet        : Detected org.springframework.web.servlet.support.SessionFlashMapManager@5e1973b
2022-11-28 09:02:17.264 DEBUG 2168 --- [http-nio-8080-exec-2] o.s.web.servlet.DispatcherServlet        : enableLoggingRequestDetails='false': request parameters and headers will be masked to prevent unsafe logging of potentially sensitive data
2022-11-28 09:02:17.264  INFO 2168 --- [http-nio-8080-exec-2] o.s.web.servlet.DispatcherServlet        : Completed initialization in 1 ms
2022-11-28 09:02:17.279 DEBUG 2168 --- [http-nio-8080-exec-2] o.s.web.servlet.DispatcherServlet        : POST "/api/v1.0/user/register", parameters={}
2022-11-28 09:02:17.282 DEBUG 2168 --- [http-nio-8080-exec-2] s.w.s.m.m.a.RequestMappingHandlerMapping : Mapped to mii.bsi.apiportal.controller.UserController#register(User, Errors)
2022-11-28 09:02:17.335 DEBUG 2168 --- [http-nio-8080-exec-2] m.m.a.RequestResponseBodyMethodProcessor : Read "application/json;charset=UTF-8" to [User(id=null, firstName=Fauzy, lastName=Wahyudi, email=fauzy.wahyudi56@gmail.com, password=tes123, c (truncated)...]
2022-11-28 09:02:21.680 DEBUG 2168 --- [http-nio-8080-exec-2] o.s.w.s.m.m.a.HttpEntityMethodProcessor  : Using 'application/json', given [*/*] and supported [application/json, application/*+json, application/json, application/*+json]
2022-11-28 09:02:21.681 DEBUG 2168 --- [http-nio-8080-exec-2] o.s.w.s.m.m.a.HttpEntityMethodProcessor  : Writing [ResponseHandling(error=true, responseCode=01, responseMessage=ids for this class must be manually as (truncated)...]
2022-11-28 09:02:21.691 DEBUG 2168 --- [http-nio-8080-exec-2] o.s.web.servlet.DispatcherServlet        : Completed 500 INTERNAL_SERVER_ERROR
2022-11-28 09:03:35.063  WARN 11708 --- [restartedMain] JpaBaseConfiguration$JpaWebConfiguration : spring.jpa.open-in-view is enabled by default. Therefore, database queries may be performed during view rendering. Explicitly configure spring.jpa.open-in-view to disable this warning
2022-11-28 09:03:35.336 DEBUG 11708 --- [restartedMain] o.s.w.s.v.f.FreeMarkerConfigurer         : File system access not preferred: using SpringTemplateLoader
2022-11-28 09:03:35.346  WARN 11708 --- [restartedMain] o.s.s.o.p.t.s.JwtAccessTokenConverter    : Unable to create an RSA verifier from verifierKey (ignoreable if using MAC)
2022-11-28 09:03:35.541 DEBUG 11708 --- [restartedMain] s.w.s.m.m.a.RequestMappingHandlerAdapter : ControllerAdvice beans: 0 @ModelAttribute, 0 @InitBinder, 1 RequestBodyAdvice, 1 ResponseBodyAdvice
2022-11-28 09:03:35.643 DEBUG 11708 --- [restartedMain] s.w.s.m.m.a.RequestMappingHandlerMapping : 12 mappings in 'requestMappingHandlerMapping'
2022-11-28 09:03:35.672 DEBUG 11708 --- [restartedMain] o.s.w.s.handler.SimpleUrlHandlerMapping  : Patterns [/webjars/**, /**] in 'resourceHandlerMapping'
2022-11-28 09:03:35.686 DEBUG 11708 --- [restartedMain] .m.m.a.ExceptionHandlerExceptionResolver : ControllerAdvice beans: 0 @ExceptionHandler, 1 ResponseBodyAdvice
2022-11-28 09:03:47.948  INFO 11708 --- [http-nio-8080-exec-2] o.s.web.servlet.DispatcherServlet        : Initializing Servlet 'dispatcherServlet'
2022-11-28 09:03:47.948 DEBUG 11708 --- [http-nio-8080-exec-2] o.s.web.servlet.DispatcherServlet        : Detected StandardServletMultipartResolver
2022-11-28 09:03:47.948 DEBUG 11708 --- [http-nio-8080-exec-2] o.s.web.servlet.DispatcherServlet        : Detected AcceptHeaderLocaleResolver
2022-11-28 09:03:47.948 DEBUG 11708 --- [http-nio-8080-exec-2] o.s.web.servlet.DispatcherServlet        : Detected FixedThemeResolver
2022-11-28 09:03:47.949 DEBUG 11708 --- [http-nio-8080-exec-2] o.s.web.servlet.DispatcherServlet        : Detected org.springframework.web.servlet.view.DefaultRequestToViewNameTranslator@e2ea71
2022-11-28 09:03:47.949 DEBUG 11708 --- [http-nio-8080-exec-2] o.s.web.servlet.DispatcherServlet        : Detected org.springframework.web.servlet.support.SessionFlashMapManager@43612f8
2022-11-28 09:03:47.949 DEBUG 11708 --- [http-nio-8080-exec-2] o.s.web.servlet.DispatcherServlet        : enableLoggingRequestDetails='false': request parameters and headers will be masked to prevent unsafe logging of potentially sensitive data
2022-11-28 09:03:47.949  INFO 11708 --- [http-nio-8080-exec-2] o.s.web.servlet.DispatcherServlet        : Completed initialization in 1 ms
2022-11-28 09:03:47.964 DEBUG 11708 --- [http-nio-8080-exec-2] o.s.web.servlet.DispatcherServlet        : POST "/api/v1.0/user/register", parameters={}
2022-11-28 09:03:47.968 DEBUG 11708 --- [http-nio-8080-exec-2] s.w.s.m.m.a.RequestMappingHandlerMapping : Mapped to mii.bsi.apiportal.controller.UserController#register(User, Errors)
2022-11-28 09:03:48.019 DEBUG 11708 --- [http-nio-8080-exec-2] m.m.a.RequestResponseBodyMethodProcessor : Read "application/json;charset=UTF-8" to [User(id=null, firstName=Fauzy, lastName=Wahyudi, email=fauzy.wahyudi56@gmail.com, password=tes123, c (truncated)...]
2022-11-28 09:03:52.472 DEBUG 11708 --- [http-nio-8080-exec-2] o.s.w.s.m.m.a.HttpEntityMethodProcessor  : Using 'application/json', given [*/*] and supported [application/json, application/*+json, application/json, application/*+json]
2022-11-28 09:03:52.473 DEBUG 11708 --- [http-nio-8080-exec-2] o.s.w.s.m.m.a.HttpEntityMethodProcessor  : Writing [ResponseHandling(error=false, responseCode=00, responseMessage=Success, messageError=[], payload=nul (truncated)...]
2022-11-28 09:03:52.481 DEBUG 11708 --- [http-nio-8080-exec-2] o.s.web.servlet.DispatcherServlet        : Completed 201 CREATED
2022-11-28 09:22:57.971  WARN 648 --- [restartedMain] JpaBaseConfiguration$JpaWebConfiguration : spring.jpa.open-in-view is enabled by default. Therefore, database queries may be performed during view rendering. Explicitly configure spring.jpa.open-in-view to disable this warning
2022-11-28 09:22:58.240 DEBUG 648 --- [restartedMain] o.s.w.s.v.f.FreeMarkerConfigurer         : File system access not preferred: using SpringTemplateLoader
2022-11-28 09:22:58.252  WARN 648 --- [restartedMain] o.s.s.o.p.t.s.JwtAccessTokenConverter    : Unable to create an RSA verifier from verifierKey (ignoreable if using MAC)
2022-11-28 09:22:58.418 DEBUG 648 --- [restartedMain] s.w.s.m.m.a.RequestMappingHandlerAdapter : ControllerAdvice beans: 0 @ModelAttribute, 0 @InitBinder, 1 RequestBodyAdvice, 1 ResponseBodyAdvice
2022-11-28 09:22:58.496 DEBUG 648 --- [restartedMain] s.w.s.m.m.a.RequestMappingHandlerMapping : 13 mappings in 'requestMappingHandlerMapping'
2022-11-28 09:22:58.524 DEBUG 648 --- [restartedMain] o.s.w.s.handler.SimpleUrlHandlerMapping  : Patterns [/webjars/**, /**] in 'resourceHandlerMapping'
2022-11-28 09:22:58.535 DEBUG 648 --- [restartedMain] .m.m.a.ExceptionHandlerExceptionResolver : ControllerAdvice beans: 0 @ExceptionHandler, 1 ResponseBodyAdvice
2022-11-28 09:23:01.536  INFO 648 --- [http-nio-8080-exec-3] o.s.web.servlet.DispatcherServlet        : Initializing Servlet 'dispatcherServlet'
2022-11-28 09:23:01.536 DEBUG 648 --- [http-nio-8080-exec-3] o.s.web.servlet.DispatcherServlet        : Detected StandardServletMultipartResolver
2022-11-28 09:23:01.536 DEBUG 648 --- [http-nio-8080-exec-3] o.s.web.servlet.DispatcherServlet        : Detected AcceptHeaderLocaleResolver
2022-11-28 09:23:01.536 DEBUG 648 --- [http-nio-8080-exec-3] o.s.web.servlet.DispatcherServlet        : Detected FixedThemeResolver
2022-11-28 09:23:01.537 DEBUG 648 --- [http-nio-8080-exec-3] o.s.web.servlet.DispatcherServlet        : Detected org.springframework.web.servlet.view.DefaultRequestToViewNameTranslator@21c9181
2022-11-28 09:23:01.537 DEBUG 648 --- [http-nio-8080-exec-3] o.s.web.servlet.DispatcherServlet        : Detected org.springframework.web.servlet.support.SessionFlashMapManager@34125b07
2022-11-28 09:23:01.537 DEBUG 648 --- [http-nio-8080-exec-3] o.s.web.servlet.DispatcherServlet        : enableLoggingRequestDetails='false': request parameters and headers will be masked to prevent unsafe logging of potentially sensitive data
2022-11-28 09:23:01.537  INFO 648 --- [http-nio-8080-exec-3] o.s.web.servlet.DispatcherServlet        : Completed initialization in 1 ms
2022-11-28 09:23:01.554 DEBUG 648 --- [http-nio-8080-exec-3] o.s.web.servlet.DispatcherServlet        : GET "/api/v1.0/user/verification?token=rpI0gfmgI2r5RuPvw0Ps", parameters={masked}
2022-11-28 09:23:01.559 DEBUG 648 --- [http-nio-8080-exec-3] s.w.s.m.m.a.RequestMappingHandlerMapping : Mapped to mii.bsi.apiportal.controller.UserController#emailVerification(String)
2022-11-28 09:23:01.734 ERROR 648 --- [http-nio-8080-exec-3] o.h.engine.jdbc.spi.SqlExceptionHelper   : value 'FORGET_PASSWORD' cannot be decoded as Integer
2022-11-28 09:23:01.887 DEBUG 648 --- [http-nio-8080-exec-3] o.s.w.s.m.m.a.HttpEntityMethodProcessor  : Using 'application/json', given [*/*] and supported [application/json, application/*+json, application/json, application/*+json]
2022-11-28 09:23:01.887 DEBUG 648 --- [http-nio-8080-exec-3] o.s.w.s.m.m.a.HttpEntityMethodProcessor  : Writing [ResponseHandling(error=true, responseCode=01, responseMessage=could not execute query; SQL [select b (truncated)...]
2022-11-28 09:23:01.900 DEBUG 648 --- [http-nio-8080-exec-3] o.s.web.servlet.DispatcherServlet        : Completed 500 INTERNAL_SERVER_ERROR
2022-11-28 09:26:10.666  WARN 10292 --- [restartedMain] JpaBaseConfiguration$JpaWebConfiguration : spring.jpa.open-in-view is enabled by default. Therefore, database queries may be performed during view rendering. Explicitly configure spring.jpa.open-in-view to disable this warning
2022-11-28 09:26:10.917 DEBUG 10292 --- [restartedMain] o.s.w.s.v.f.FreeMarkerConfigurer         : File system access not preferred: using SpringTemplateLoader
2022-11-28 09:26:10.925  WARN 10292 --- [restartedMain] o.s.s.o.p.t.s.JwtAccessTokenConverter    : Unable to create an RSA verifier from verifierKey (ignoreable if using MAC)
2022-11-28 09:26:11.090 DEBUG 10292 --- [restartedMain] s.w.s.m.m.a.RequestMappingHandlerAdapter : ControllerAdvice beans: 0 @ModelAttribute, 0 @InitBinder, 1 RequestBodyAdvice, 1 ResponseBodyAdvice
2022-11-28 09:26:11.215 DEBUG 10292 --- [restartedMain] s.w.s.m.m.a.RequestMappingHandlerMapping : 13 mappings in 'requestMappingHandlerMapping'
2022-11-28 09:26:11.246 DEBUG 10292 --- [restartedMain] o.s.w.s.handler.SimpleUrlHandlerMapping  : Patterns [/webjars/**, /**] in 'resourceHandlerMapping'
2022-11-28 09:26:11.259 DEBUG 10292 --- [restartedMain] .m.m.a.ExceptionHandlerExceptionResolver : ControllerAdvice beans: 0 @ExceptionHandler, 1 ResponseBodyAdvice
2022-11-28 09:26:15.064  INFO 10292 --- [http-nio-8080-exec-1] o.s.web.servlet.DispatcherServlet        : Initializing Servlet 'dispatcherServlet'
2022-11-28 09:26:15.065 DEBUG 10292 --- [http-nio-8080-exec-1] o.s.web.servlet.DispatcherServlet        : Detected StandardServletMultipartResolver
2022-11-28 09:26:15.065 DEBUG 10292 --- [http-nio-8080-exec-1] o.s.web.servlet.DispatcherServlet        : Detected AcceptHeaderLocaleResolver
2022-11-28 09:26:15.065 DEBUG 10292 --- [http-nio-8080-exec-1] o.s.web.servlet.DispatcherServlet        : Detected FixedThemeResolver
2022-11-28 09:26:15.065 DEBUG 10292 --- [http-nio-8080-exec-1] o.s.web.servlet.DispatcherServlet        : Detected org.springframework.web.servlet.view.DefaultRequestToViewNameTranslator@aa92a7b
2022-11-28 09:26:15.066 DEBUG 10292 --- [http-nio-8080-exec-1] o.s.web.servlet.DispatcherServlet        : Detected org.springframework.web.servlet.support.SessionFlashMapManager@c07b8b6
2022-11-28 09:26:15.066 DEBUG 10292 --- [http-nio-8080-exec-1] o.s.web.servlet.DispatcherServlet        : enableLoggingRequestDetails='false': request parameters and headers will be masked to prevent unsafe logging of potentially sensitive data
2022-11-28 09:26:15.066  INFO 10292 --- [http-nio-8080-exec-1] o.s.web.servlet.DispatcherServlet        : Completed initialization in 1 ms
2022-11-28 09:26:15.082 DEBUG 10292 --- [http-nio-8080-exec-1] o.s.web.servlet.DispatcherServlet        : GET "/api/v1.0/user/verification?token=rpI0gfmgI2r5RuPvw0Ps", parameters={masked}
2022-11-28 09:26:15.085 DEBUG 10292 --- [http-nio-8080-exec-1] s.w.s.m.m.a.RequestMappingHandlerMapping : Mapped to mii.bsi.apiportal.controller.UserController#emailVerification(String)
2022-11-28 09:26:15.278 ERROR 10292 --- [http-nio-8080-exec-1] o.h.engine.jdbc.spi.SqlExceptionHelper   : value 'FORGET_PASSWORD' cannot be decoded as Integer
2022-11-28 09:26:15.530 DEBUG 10292 --- [http-nio-8080-exec-1] o.s.w.s.m.m.a.HttpEntityMethodProcessor  : Using 'application/json', given [*/*] and supported [application/json, application/*+json, application/json, application/*+json]
2022-11-28 09:26:15.531 DEBUG 10292 --- [http-nio-8080-exec-1] o.s.w.s.m.m.a.HttpEntityMethodProcessor  : Writing [ResponseHandling(error=true, responseCode=01, responseMessage=could not execute query; SQL [select b (truncated)...]
2022-11-28 09:26:15.542 DEBUG 10292 --- [http-nio-8080-exec-1] o.s.web.servlet.DispatcherServlet        : Completed 500 INTERNAL_SERVER_ERROR
2022-11-28 09:29:17.582  WARN 15228 --- [restartedMain] JpaBaseConfiguration$JpaWebConfiguration : spring.jpa.open-in-view is enabled by default. Therefore, database queries may be performed during view rendering. Explicitly configure spring.jpa.open-in-view to disable this warning
2022-11-28 09:29:17.846 DEBUG 15228 --- [restartedMain] o.s.w.s.v.f.FreeMarkerConfigurer         : File system access not preferred: using SpringTemplateLoader
2022-11-28 09:29:17.855  WARN 15228 --- [restartedMain] o.s.s.o.p.t.s.JwtAccessTokenConverter    : Unable to create an RSA verifier from verifierKey (ignoreable if using MAC)
2022-11-28 09:29:18.041 DEBUG 15228 --- [restartedMain] s.w.s.m.m.a.RequestMappingHandlerAdapter : ControllerAdvice beans: 0 @ModelAttribute, 0 @InitBinder, 1 RequestBodyAdvice, 1 ResponseBodyAdvice
2022-11-28 09:29:18.162 DEBUG 15228 --- [restartedMain] s.w.s.m.m.a.RequestMappingHandlerMapping : 13 mappings in 'requestMappingHandlerMapping'
2022-11-28 09:29:18.186 DEBUG 15228 --- [restartedMain] o.s.w.s.handler.SimpleUrlHandlerMapping  : Patterns [/webjars/**, /**] in 'resourceHandlerMapping'
2022-11-28 09:29:18.196 DEBUG 15228 --- [restartedMain] .m.m.a.ExceptionHandlerExceptionResolver : ControllerAdvice beans: 0 @ExceptionHandler, 1 ResponseBodyAdvice
2022-11-28 09:29:20.508  INFO 15228 --- [http-nio-8080-exec-2] o.s.web.servlet.DispatcherServlet        : Initializing Servlet 'dispatcherServlet'
2022-11-28 09:29:20.509 DEBUG 15228 --- [http-nio-8080-exec-2] o.s.web.servlet.DispatcherServlet        : Detected StandardServletMultipartResolver
2022-11-28 09:29:20.509 DEBUG 15228 --- [http-nio-8080-exec-2] o.s.web.servlet.DispatcherServlet        : Detected AcceptHeaderLocaleResolver
2022-11-28 09:29:20.509 DEBUG 15228 --- [http-nio-8080-exec-2] o.s.web.servlet.DispatcherServlet        : Detected FixedThemeResolver
2022-11-28 09:29:20.509 DEBUG 15228 --- [http-nio-8080-exec-2] o.s.web.servlet.DispatcherServlet        : Detected org.springframework.web.servlet.view.DefaultRequestToViewNameTranslator@44399be2
2022-11-28 09:29:20.510 DEBUG 15228 --- [http-nio-8080-exec-2] o.s.web.servlet.DispatcherServlet        : Detected org.springframework.web.servlet.support.SessionFlashMapManager@4feab503
2022-11-28 09:29:20.510 DEBUG 15228 --- [http-nio-8080-exec-2] o.s.web.servlet.DispatcherServlet        : enableLoggingRequestDetails='false': request parameters and headers will be masked to prevent unsafe logging of potentially sensitive data
2022-11-28 09:29:20.510  INFO 15228 --- [http-nio-8080-exec-2] o.s.web.servlet.DispatcherServlet        : Completed initialization in 1 ms
2022-11-28 09:29:20.525 DEBUG 15228 --- [http-nio-8080-exec-2] o.s.web.servlet.DispatcherServlet        : GET "/api/v1.0/user/verification?token=rpI0gfmgI2r5RuPvw0Ps", parameters={masked}
2022-11-28 09:29:20.528 DEBUG 15228 --- [http-nio-8080-exec-2] s.w.s.m.m.a.RequestMappingHandlerMapping : Mapped to mii.bsi.apiportal.controller.UserController#emailVerification(String)
2022-11-28 09:29:21.061 ERROR 15228 --- [http-nio-8080-exec-2] o.h.engine.jdbc.spi.SqlExceptionHelper   : value 'FORGET_PASSWORD' cannot be decoded as Integer
2022-11-28 09:29:21.719 DEBUG 15228 --- [http-nio-8080-exec-2] o.s.w.s.m.m.a.HttpEntityMethodProcessor  : Using 'application/json', given [*/*] and supported [application/json, application/*+json, application/json, application/*+json]
2022-11-28 09:29:21.720 DEBUG 15228 --- [http-nio-8080-exec-2] o.s.w.s.m.m.a.HttpEntityMethodProcessor  : Writing [ResponseHandling(error=true, responseCode=01, responseMessage=could not execute query; SQL [select b (truncated)...]
2022-11-28 09:29:21.731 DEBUG 15228 --- [http-nio-8080-exec-2] o.s.web.servlet.DispatcherServlet        : Completed 500 INTERNAL_SERVER_ERROR
2022-11-28 09:34:23.902  WARN 12400 --- [restartedMain] JpaBaseConfiguration$JpaWebConfiguration : spring.jpa.open-in-view is enabled by default. Therefore, database queries may be performed during view rendering. Explicitly configure spring.jpa.open-in-view to disable this warning
2022-11-28 09:34:24.161 DEBUG 12400 --- [restartedMain] o.s.w.s.v.f.FreeMarkerConfigurer         : File system access not preferred: using SpringTemplateLoader
2022-11-28 09:34:24.170  WARN 12400 --- [restartedMain] o.s.s.o.p.t.s.JwtAccessTokenConverter    : Unable to create an RSA verifier from verifierKey (ignoreable if using MAC)
2022-11-28 09:34:24.365 DEBUG 12400 --- [restartedMain] s.w.s.m.m.a.RequestMappingHandlerAdapter : ControllerAdvice beans: 0 @ModelAttribute, 0 @InitBinder, 1 RequestBodyAdvice, 1 ResponseBodyAdvice
2022-11-28 09:34:24.464 DEBUG 12400 --- [restartedMain] s.w.s.m.m.a.RequestMappingHandlerMapping : 13 mappings in 'requestMappingHandlerMapping'
2022-11-28 09:34:24.492 DEBUG 12400 --- [restartedMain] o.s.w.s.handler.SimpleUrlHandlerMapping  : Patterns [/webjars/**, /**] in 'resourceHandlerMapping'
2022-11-28 09:34:24.500 DEBUG 12400 --- [restartedMain] .m.m.a.ExceptionHandlerExceptionResolver : ControllerAdvice beans: 0 @ExceptionHandler, 1 ResponseBodyAdvice
2022-11-28 09:34:27.902  INFO 12400 --- [http-nio-8080-exec-2] o.s.web.servlet.DispatcherServlet        : Initializing Servlet 'dispatcherServlet'
2022-11-28 09:34:27.903 DEBUG 12400 --- [http-nio-8080-exec-2] o.s.web.servlet.DispatcherServlet        : Detected StandardServletMultipartResolver
2022-11-28 09:34:27.903 DEBUG 12400 --- [http-nio-8080-exec-2] o.s.web.servlet.DispatcherServlet        : Detected AcceptHeaderLocaleResolver
2022-11-28 09:34:27.903 DEBUG 12400 --- [http-nio-8080-exec-2] o.s.web.servlet.DispatcherServlet        : Detected FixedThemeResolver
2022-11-28 09:34:27.903 DEBUG 12400 --- [http-nio-8080-exec-2] o.s.web.servlet.DispatcherServlet        : Detected org.springframework.web.servlet.view.DefaultRequestToViewNameTranslator@36b8216
2022-11-28 09:34:27.904 DEBUG 12400 --- [http-nio-8080-exec-2] o.s.web.servlet.DispatcherServlet        : Detected org.springframework.web.servlet.support.SessionFlashMapManager@3ec3923c
2022-11-28 09:34:27.904 DEBUG 12400 --- [http-nio-8080-exec-2] o.s.web.servlet.DispatcherServlet        : enableLoggingRequestDetails='false': request parameters and headers will be masked to prevent unsafe logging of potentially sensitive data
2022-11-28 09:34:27.904  INFO 12400 --- [http-nio-8080-exec-2] o.s.web.servlet.DispatcherServlet        : Completed initialization in 1 ms
2022-11-28 09:34:27.920 DEBUG 12400 --- [http-nio-8080-exec-2] o.s.web.servlet.DispatcherServlet        : GET "/api/v1.0/user/verification?token=rpI0gfmgI2r5RuPvw0Ps", parameters={masked}
2022-11-28 09:34:27.922 DEBUG 12400 --- [http-nio-8080-exec-2] s.w.s.m.m.a.RequestMappingHandlerMapping : Mapped to mii.bsi.apiportal.controller.UserController#emailVerification(String)
2022-11-28 09:34:28.824 DEBUG 12400 --- [http-nio-8080-exec-2] o.s.w.s.m.m.a.HttpEntityMethodProcessor  : Using 'application/json', given [*/*] and supported [application/json, application/*+json, application/json, application/*+json]
2022-11-28 09:34:28.825 DEBUG 12400 --- [http-nio-8080-exec-2] o.s.w.s.m.m.a.HttpEntityMethodProcessor  : Writing [ResponseHandling(error=false, responseCode=00, responseMessage=Success, messageError=[], payload=nul (truncated)...]
2022-11-28 09:34:28.836 DEBUG 12400 --- [http-nio-8080-exec-2] o.s.web.servlet.DispatcherServlet        : Completed 200 OK
